0 info it worked if it ends with ok
1 verbose cli [ 'node', '/usr/local/bin/npm', 'install', '-g' ]
2 info using npm@3.10.6
3 info using node@v0.12.4
4 verbose node symlink /usr/local/bin/node
5 silly loadCurrentTree Starting
6 silly install loadCurrentTree
7 silly install readGlobalPackageData
8 silly fetchPackageMetaData .
9 silly fetchOtherPackageData .
10 silly cache add args [ '.', null ]
11 verbose cache add spec .
12 silly cache add parsed spec { raw: '.',
12 silly cache add   scope: null,
12 silly cache add   escapedName: null,
12 silly cache add   name: null,
12 silly cache add   rawSpec: '.',
12 silly cache add   spec: '/Users/JR/projects/pc_repair_node_app',
12 silly cache add   type: 'local' }
13 error addLocal Could not install /Users/JR/projects/pc_repair_node_app
14 silly fetchPackageMetaData Error: EISDIR, read
14 silly fetchPackageMetaData     at Error (native)
14 silly fetchPackageMetaData  error for . { [Error: EISDIR, read] errno: -21, code: 'EISDIR' }
15 silly rollbackFailedOptional Starting
16 silly rollbackFailedOptional Finishing
17 silly runTopLevelLifecycles Starting
18 silly runTopLevelLifecycles Finishing
19 silly install printInstalled
20 verbose stack Error: EISDIR, read
20 verbose stack     at Error (native)
21 verbose cwd /Users/JR/projects/pc_repair_node_app
22 error Darwin 14.5.0
23 error argv "node" "/usr/local/bin/npm" "install" "-g"
24 error node v0.12.4
25 error npm  v3.10.6
26 error code EISDIR
27 error errno -21
28 error eisdir EISDIR, read
29 error eisdir This is most likely not a problem with npm itself
29 error eisdir and is related to npm not being able to find a package.json in
29 error eisdir a package you are trying to install.
30 verbose exit [ -21, true ]
